<?xml version="1.0" encoding="UTF-8"?>
<testng-results ignored="0" total="1" passed="1" failed="0" skipped="0">
  <reporter-output>
  </reporter-output>
  <suite started-at="2024-11-24T12:21:33 IST" name="Suite" finished-at="2024-11-24T12:21:41 IST" duration-ms="7100">
    <groups>
    </groups>
    <test started-at="2024-11-24T12:21:33 IST" name="Test" finished-at="2024-11-24T12:21:41 IST" duration-ms="7100">
      <class name="Fitpeo.Assignment.TestCase">
        <test-method is-config="true" signature="startDriver()[pri:0, instance:Fitpeo.Assignment.TestCase@74fe5c40]" started-at="2024-11-24T12:21:33 IST" name="startDriver" finished-at="2024-11-24T12:21:37 IST" duration-ms="3870" status="PASS">
          <reporter-output>
          </reporter-output>
        </test-method> <!-- startDriver -->
        <test-method signature="testcase1()[pri:0, instance:Fitpeo.Assignment.TestCase@74fe5c40]" started-at="2024-11-24T12:21:37 IST" name="testcase1" finished-at="2024-11-24T12:21:41 IST" duration-ms="3185" status="PASS">
          <reporter-output>
          </reporter-output>
        </test-method> <!-- testcase1 -->
      </class> <!-- Fitpeo.Assignment.TestCase -->
    </test> <!-- Test -->
  </suite> <!-- Suite -->
</testng-results>
